<?xml version="1.0" encoding="UTF-8"?>
<!-- Generated by org.testng.reporters.JUnitXMLReporter -->
<testsuite ignored="11" hostname="ip-172-31-4-24" failures="0" tests="6" name="GRP-Belt" time="55.488" errors="0" timestamp="2023-09-02T14:59:50 UTC">
  <testcase classname="apparels.runnshoes" name="accessoriesBeltSelectFunction" time="15.276"/>
  <testcase classname="apparels.runnshoes" name="beltReviewFunction" time="12.735"/>
  <testcase classname="apparels.runnshoes" name="beltCountSelection" time="2.2"/>
  <testcase classname="apparels.runnshoes" name="beltShippment" time="6.776"/>
  <testcase classname="apparels.runnshoes" name="beltAddtoCartandWishlist" time="8.862"/>
  <testcase classname="apparels.runnshoes" name="beltEmailAFriend" time="9.544"/>
  <testcase classname="apparels.runnshoes" name="shoesSortBy" time="0.0">
    <ignored/>
  </testcase> <!-- shoesSortBy -->
  <testcase classname="apparels.runnshoes" name="OpeneingShoesCategory" time="0.0">
    <ignored/>
  </testcase> <!-- OpeneingShoesCategory -->
  <testcase classname="apparels.runnshoes" name="shoesAddToCartAndWishList" time="0.0">
    <ignored/>
  </testcase> <!-- shoesAddToCartAndWishList -->
  <testcase classname="apparels.runnshoes" name="reviewclothings" time="0.0">
    <ignored/>
  </testcase> <!-- reviewclothings -->
  <testcase classname="apparels.runnshoes" name="clothingsShorting" time="0.0">
    <ignored/>
  </testcase> <!-- clothingsShorting -->
  <testcase classname="apparels.runnshoes" name="clothingsTshirtAddingToCartandWishlist" time="0.0">
    <ignored/>
  </testcase> <!-- clothingsTshirtAddingToCartandWishlist -->
  <testcase classname="apparels.runnshoes" name="clothingsTshirt" time="0.0">
    <ignored/>
  </testcase> <!-- clothingsTshirt -->
  <testcase classname="apparels.runnshoes" name="clothingsTshirtEmailSent" time="0.0">
    <ignored/>
  </testcase> <!-- clothingsTshirtEmailSent -->
  <testcase classname="apparels.runnshoes" name="reviewShoes" time="0.0">
    <ignored/>
  </testcase> <!-- reviewShoes -->
  <testcase classname="apparels.runnshoes" name="shoe1SizeAndColorSelection" time="0.0">
    <ignored/>
  </testcase> <!-- shoe1SizeAndColorSelection -->
  <testcase classname="apparels.runnshoes" name="EmailShoe" time="0.0">
    <ignored/>
  </testcase> <!-- EmailShoe -->
</testsuite> <!-- GRP-Belt -->
