<?xml version="1.0" encoding="UTF-8"?>
<testng-results ignored="0" total="5" passed="5" failed="0" skipped="0">
  <reporter-output>
  </reporter-output>
  <suite started-at="2023-09-03T08:20:07 UTC" name="Default suite" finished-at="2023-09-03T08:20:50 UTC" duration-ms="43049">
    <groups>
    </groups>
    <test started-at="2023-09-03T08:20:07 UTC" name="Default test" finished-at="2023-09-03T08:20:50 UTC" duration-ms="43049">
      <class name="downBarHomePage.CustomerServiceRunner">
        <test-method is-config="true" signature="InvokeBrowser()[pri:0, instance:downBarHomePage.CustomerServiceRunner@7cab1508]" started-at="2023-09-03T08:20:07 UTC" name="InvokeBrowser" finished-at="2023-09-03T08:20:07 UTC" duration-ms="146" status="PASS">
          <reporter-output>
          </reporter-output>
        </test-method> <!-- InvokeBrowser -->
        <test-method signature="searchKeyWord()[pri:0, instance:downBarHomePage.CustomerServiceRunner@7cab1508]" started-at="2023-09-03T08:20:07 UTC" name="searchKeyWord" finished-at="2023-09-03T08:20:23 UTC" duration-ms="16023" status="PASS">
          <reporter-output>
          </reporter-output>
        </test-method> <!-- searchKeyWord -->
        <test-method signature="newsFunction()[pri:1, instance:downBarHomePage.CustomerServiceRunner@7cab1508]" started-at="2023-09-03T08:20:23 UTC" name="newsFunction" finished-at="2023-09-03T08:20:33 UTC" duration-ms="9474" status="PASS">
          <reporter-output>
          </reporter-output>
        </test-method> <!-- newsFunction -->
        <test-method signature="RecentlyViewedProducts()[pri:2, instance:downBarHomePage.CustomerServiceRunner@7cab1508]" started-at="2023-09-03T08:20:33 UTC" name="RecentlyViewedProducts" finished-at="2023-09-03T08:20:39 UTC" duration-ms="6722" status="PASS">
          <reporter-output>
          </reporter-output>
        </test-method> <!-- RecentlyViewedProducts -->
        <test-method signature="ComparedList()[pri:3, instance:downBarHomePage.CustomerServiceRunner@7cab1508]" started-at="2023-09-03T08:20:39 UTC" name="ComparedList" finished-at="2023-09-03T08:20:45 UTC" duration-ms="5649" status="PASS">
          <reporter-output>
          </reporter-output>
        </test-method> <!-- ComparedList -->
        <test-method signature="NewProductsFunction()[pri:4, instance:downBarHomePage.CustomerServiceRunner@7cab1508]" started-at="2023-09-03T08:20:45 UTC" name="NewProductsFunction" finished-at="2023-09-03T08:20:50 UTC" duration-ms="4946" status="PASS">
          <reporter-output>
          </reporter-output>
        </test-method> <!-- NewProductsFunction -->
      </class> <!-- downBarHomePage.CustomerServiceRunner -->
    </test> <!-- Default test -->
  </suite> <!-- Default suite -->
</testng-results>
